<?xml version="1.0" encoding="UTF-8"?>
<!-- Generated by org.testng.reporters.JUnitReportReporter -->
<testsuite hostname="DESKTOP-2BLRRP8" failures="0" tests="5" name="runner.TestRunner" time="354.778" errors="0" timestamp="2026-03-09T01:33:26 IST" skipped="0">
  <testcase classname="runner.TestRunner" name="runScenario" time="28.228"/>
  <testcase classname="runner.TestRunner" name="runScenario" time="44.988"/>
  <testcase classname="runner.TestRunner" name="runScenario" time="204.096"/>
  <testcase classname="runner.TestRunner" name="runScenario" time="50.907"/>
  <testcase classname="runner.TestRunner" name="runScenario" time="26.559"/>
</testsuite> <!-- runner.TestRunner -->
